<?xml version="1.0" encoding="UTF-8"?>
<testsuite xmlns:xsi="http://www.w3.org/2001/XMLSchema-instance" xsi:noNamespaceSchemaLocation="https://maven.apache.org/surefire/maven-surefire-plugin/xsd/surefire-test-report.xsd" version="3.0.2" name="com.example.jenkins.JenkinsApplicationTests" time="2.261" tests="1" errors="0" skipped="0" failures="0">
  <properties>
[...]
</properties>
  <testcase name="contextLoads" classname="com.example.jenkins.JenkinsApplicationTests" time="0.886">
    <system-out><![CDATA[15:59:28.416 [main] INFO org.springframework.test.context.support.AnnotationConfigContextLoaderUtils -- Could not detect default configuration classes for test class [com.example.jenkins.JenkinsApplicationTests]: JenkinsApplicationTests does not declare any static, non-private, non-final, nested classes annotated with @Configuration.
15:59:28.550 [main] INFO org.springframework.boot.test.context.SpringBootTestContextBootstrapper -- Found @SpringBootConfiguration com.example.jenkins.JenkinsApplication for test class com.example.jenkins.JenkinsApplicationTests

  .   ____          _            __ _ _
 /\\ / ___'_ __ _ _(_)_ __  __ _ \ \ \ \
( ( )\___ | '_ | '_| | '_ \/ _` | \ \ \ \
 \\/  ___)| |_)| | | | | || (_| |  ) ) ) )
  '  |____| .__|_| |_|_| |_\__, | / / / /
 =========|_|==============|___/=/_/_/_/

 :: Spring Boot ::                (v3.4.3)

2025-03-10T15:59:29.083+05:30  INFO 22320 --- [jenkins] [           main] c.e.jenkins.JenkinsApplicationTests      : Starting JenkinsApplicationTests using Java 17.0.12 with PID 22320 (started by admin in C:\Users\admin\Downloads\jenkins\jenkins)
2025-03-10T15:59:29.084+05:30  INFO 22320 --- [jenkins] [           main] c.e.jenkins.JenkinsApplicationTests      : No active profile set, falling back to 1 default profile: "default"
2025-03-10T15:59:29.604+05:30  INFO 22320 --- [jenkins] [           main] c.e.jenkins.JenkinsApplicationTests      : Started JenkinsApplicationTests in 0.83 seconds (process running for 1.901)
]]></system-out>
  </testcase>
</testsuite>